<?xml version="1.0" encoding="UTF-8"?>
<testng-results skipped="0" failed="0" total="1" passed="1">
  <reporter-output>
  </reporter-output>
  <suite name="Surefire suite" duration-ms="25657" started-at="2018-02-14T00:07:08Z" finished-at="2018-02-14T00:07:33Z">
    <groups>
    </groups>
    <test name="Surefire test" duration-ms="25657" started-at="2018-02-14T00:07:08Z" finished-at="2018-02-14T00:07:33Z">
      <class name="com.example.BasicApplicationTests">
        <test-method status="PASS" signature="welcomTest()[pri:0, instance:welcomTest(com.example.BasicApplicationTests)]" name="welcomTest" duration-ms="1041" started-at="2018-02-14T01:07:32Z" finished-at="2018-02-14T01:07:33Z">
          <reporter-output>
          </reporter-output>
        </test-method> <!-- welcomTest -->
      </class> <!-- com.example.BasicApplicationTests -->
    </test> <!-- Surefire test -->
  </suite> <!-- Surefire suite -->
</testng-results>
