<?xml version="1.0" encoding="UTF-8"?>
<testng-results skipped="0" failed="0" total="1" passed="1">
  <reporter-output>
  </reporter-output>
  <suite name="Surefire suite" duration-ms="16095" started-at="2018-02-13T22:25:14Z" finished-at="2018-02-13T22:25:30Z">
    <groups>
    </groups>
    <test name="Surefire test" duration-ms="16095" started-at="2018-02-13T22:25:14Z" finished-at="2018-02-13T22:25:30Z">
      <class name="com.example.BasicApplicationTests">
        <test-method status="PASS" signature="welcomTest()[pri:0, instance:welcomTest(com.example.BasicApplicationTests)]" name="welcomTest" duration-ms="1244" started-at="2018-02-13T23:25:29Z" finished-at="2018-02-13T23:25:30Z">
          <reporter-output>
          </reporter-output>
        </test-method> <!-- welcomTest -->
      </class> <!-- com.example.BasicApplicationTests -->
    </test> <!-- Surefire test -->
  </suite> <!-- Surefire suite -->
</testng-results>
