<?xml version="1.0" encoding="UTF-8"?>
<testng-results skipped="0" failed="0" total="1" passed="1">
  <reporter-output>
  </reporter-output>
  <suite name="Surefire suite" duration-ms="15387" started-at="2018-02-02T19:35:17Z" finished-at="2018-02-02T19:35:33Z">
    <groups>
    </groups>
    <test name="Surefire test" duration-ms="15387" started-at="2018-02-02T19:35:17Z" finished-at="2018-02-02T19:35:33Z">
      <class name="com.example.BasicApplicationTests">
        <test-method status="PASS" signature="contextLoads()[pri:0, instance:contextLoads(com.example.BasicApplicationTests)]" name="contextLoads" duration-ms="113" started-at="2018-02-02T20:35:33Z" finished-at="2018-02-02T20:35:33Z">
          <reporter-output>
          </reporter-output>
        </test-method> <!-- contextLoads -->
      </class> <!-- com.example.BasicApplicationTests -->
    </test> <!-- Surefire test -->
  </suite> <!-- Surefire suite -->
</testng-results>
