<?xml version="1.0" encoding="UTF-8"?>
<testng-results skipped="0" failed="0" total="1" passed="1">
  <reporter-output>
  </reporter-output>
  <suite name="Surefire suite" duration-ms="20523" started-at="2018-01-24T11:27:22Z" finished-at="2018-01-24T11:27:42Z">
    <groups>
    </groups>
    <test name="Surefire test" duration-ms="20523" started-at="2018-01-24T11:27:22Z" finished-at="2018-01-24T11:27:42Z">
      <class name="com.example.BasicApplicationTests">
        <test-method status="PASS" signature="contextLoads()[pri:0, instance:contextLoads(com.example.BasicApplicationTests)]" name="contextLoads" duration-ms="123" started-at="2018-01-24T12:27:42Z" finished-at="2018-01-24T12:27:42Z">
          <reporter-output>
          </reporter-output>
        </test-method> <!-- contextLoads -->
      </class> <!-- com.example.BasicApplicationTests -->
    </test> <!-- Surefire test -->
  </suite> <!-- Surefire suite -->
</testng-results>
